2019-06-02 12:52:33,467 [main] INFO  [cn.tycoding.api.eureka.EurekaApplication] SpringApplication.java:675 - No active profile set, falling back to default profiles: default
2019-06-02 12:52:34,896 [main] WARN  [o.springframework.boot.actuate.endpoint.EndpointId] EndpointId.java:135 - Endpoint ID 'service-registry' contains invalid characters, please migrate to a valid format.
2019-06-02 12:52:35,379 [main] INFO  [o.springframework.cloud.context.scope.GenericScope] GenericScope.java:295 - BeanFactory id=a9953f4c-4dd8-33f8-b039-a98dafbae4b8
2019-06-02 12:52:35,825 [main] INFO  [o.s.c.s.PostProcessorRegistrationDelegate$BeanPostProcessorChecker] PostProcessorRegistrationDelegate.java:330 - Bean 'org.springframework.cloud.autoconfigure.ConfigurationPropertiesRebinderAutoConfiguration' of type [org.springframework.cloud.autoconfigure.ConfigurationPropertiesRebinderAutoConfiguration$$EnhancerBySpringCGLIB$$4297b092] is not eligible for getting processed by all BeanPostProcessors (for example: not eligible for auto-proxying)
2019-06-02 12:52:36,437 [main] INFO  [o.s.boot.web.embedded.tomcat.TomcatWebServer] TomcatWebServer.java:90 - Tomcat initialized with port(s): 8761 (http)
2019-06-02 12:52:36,457 [main] INFO  [org.apache.coyote.http11.Http11NioProtocol] DirectJDKLog.java:173 - Initializing ProtocolHandler ["http-nio-8761"]
2019-06-02 12:52:36,467 [main] INFO  [org.apache.catalina.core.StandardService] DirectJDKLog.java:173 - Starting service [Tomcat]
2019-06-02 12:52:36,468 [main] INFO  [org.apache.catalina.core.StandardEngine] DirectJDKLog.java:173 - Starting Servlet engine: [Apache Tomcat/9.0.19]
2019-06-02 12:52:36,623 [main] INFO  [o.a.c.core.ContainerBase.[Tomcat].[localhost].[/]] DirectJDKLog.java:173 - Initializing Spring embedded WebApplicationContext
2019-06-02 12:52:36,624 [main] INFO  [org.springframework.web.context.ContextLoader] ServletWebServerApplicationContext.java:296 - Root WebApplicationContext: initialization completed in 3118 ms
2019-06-02 12:52:36,855 [main] WARN  [com.netflix.config.sources.URLConfigurationSource] URLConfigurationSource.java:121 - No URLs will be polled as dynamic configuration sources.
2019-06-02 12:52:36,855 [main] INFO  [com.netflix.config.sources.URLConfigurationSource] URLConfigurationSource.java:122 - To enable URLs as dynamic configuration sources, define System property archaius.configurationSource.additionalUrls or make config.properties available on classpath.
2019-06-02 12:52:36,871 [main] INFO  [com.netflix.config.DynamicPropertyFactory] DynamicPropertyFactory.java:281 - DynamicPropertyFactory is initialized with configuration sources: com.netflix.config.ConcurrentCompositeConfiguration@163042ea
2019-06-02 12:52:38,370 [main] INFO  [c.s.j.server.impl.application.WebApplicationImpl] WebApplicationImpl.java:815 - Initiating Jersey application, version 'Jersey: 1.19.1 03/11/2016 02:08 PM'
2019-06-02 12:52:38,457 [main] INFO  [c.n.discovery.provider.DiscoveryJerseyProvider] DiscoveryJerseyProvider.java:70 - Using JSON encoding codec LegacyJacksonJson
2019-06-02 12:52:38,459 [main] INFO  [c.n.discovery.provider.DiscoveryJerseyProvider] DiscoveryJerseyProvider.java:71 - Using JSON decoding codec LegacyJacksonJson
2019-06-02 12:52:38,623 [main] INFO  [c.n.discovery.provider.DiscoveryJerseyProvider] DiscoveryJerseyProvider.java:80 - Using XML encoding codec XStreamXml
2019-06-02 12:52:38,623 [main] INFO  [c.n.discovery.provider.DiscoveryJerseyProvider] DiscoveryJerseyProvider.java:81 - Using XML decoding codec XStreamXml
2019-06-02 12:52:39,017 [main] WARN  [com.netflix.config.sources.URLConfigurationSource] URLConfigurationSource.java:121 - No URLs will be polled as dynamic configuration sources.
2019-06-02 12:52:39,023 [main] INFO  [com.netflix.config.sources.URLConfigurationSource] URLConfigurationSource.java:122 - To enable URLs as dynamic configuration sources, define System property archaius.configurationSource.additionalUrls or make config.properties available on classpath.
2019-06-02 12:52:39,566 [main] INFO  [o.s.scheduling.concurrent.ThreadPoolTaskExecutor] ExecutorConfigurationSupport.java:171 - Initializing ExecutorService 'applicationTaskExecutor'
2019-06-02 12:52:40,533 [main] INFO  [o.s.cloud.netflix.eureka.InstanceInfoFactory] InstanceInfoFactory.java:72 - Setting initial instance status as: STARTING
2019-06-02 12:52:40,592 [main] INFO  [com.netflix.discovery.DiscoveryClient] DiscoveryClient.java:349 - Initializing Eureka in region us-east-1
2019-06-02 12:52:40,594 [main] INFO  [com.netflix.discovery.DiscoveryClient] DiscoveryClient.java:352 - Client configured to neither register nor query for data.
2019-06-02 12:52:40,609 [main] INFO  [com.netflix.discovery.DiscoveryClient] DiscoveryClient.java:365 - Discovery Client initialized at timestamp 1559451160607 with initial instances count: 0
2019-06-02 12:52:40,724 [main] INFO  [com.netflix.eureka.DefaultEurekaServerContext] DefaultEurekaServerContext.java:63 - Initializing ...
2019-06-02 12:52:40,726 [main] INFO  [com.netflix.eureka.cluster.PeerEurekaNodes] PeerEurekaNodes.java:188 - Adding new peer nodes [http://sct-eureka:8761/eureka/]
2019-06-02 12:52:41,127 [main] INFO  [c.n.discovery.provider.DiscoveryJerseyProvider] DiscoveryJerseyProvider.java:70 - Using JSON encoding codec LegacyJacksonJson
2019-06-02 12:52:41,127 [main] INFO  [c.n.discovery.provider.DiscoveryJerseyProvider] DiscoveryJerseyProvider.java:71 - Using JSON decoding codec LegacyJacksonJson
2019-06-02 12:52:41,128 [main] INFO  [c.n.discovery.provider.DiscoveryJerseyProvider] DiscoveryJerseyProvider.java:80 - Using XML encoding codec XStreamXml
2019-06-02 12:52:41,129 [main] INFO  [c.n.discovery.provider.DiscoveryJerseyProvider] DiscoveryJerseyProvider.java:81 - Using XML decoding codec XStreamXml
2019-06-02 12:52:41,406 [main] INFO  [com.netflix.eureka.cluster.PeerEurekaNodes] PeerEurekaNodes.java:110 - Replica node URL:  http://sct-eureka:8761/eureka/
2019-06-02 12:52:41,436 [main] INFO  [c.netflix.eureka.registry.AbstractInstanceRegistry] AbstractInstanceRegistry.java:151 - Finished initializing remote region registries. All known remote regions: []
2019-06-02 12:52:41,438 [main] INFO  [com.netflix.eureka.DefaultEurekaServerContext] DefaultEurekaServerContext.java:70 - Initialized
2019-06-02 12:52:41,867 [main] INFO  [o.s.b.actuate.endpoint.web.EndpointLinksResolver] EndpointLinksResolver.java:59 - Exposing 2 endpoint(s) beneath base path '/actuator'
2019-06-02 12:52:42,240 [main] INFO  [o.s.c.n.e.serviceregistry.EurekaServiceRegistry] EurekaServiceRegistry.java:41 - Registering application SCT-EUREKA with eureka with status UP
2019-06-02 12:52:42,245 [Thread-32] INFO  [o.s.c.netflix.eureka.server.EurekaServerBootstrap] EurekaServerBootstrap.java:110 - Setting the eureka configuration..
2019-06-02 12:52:42,246 [Thread-32] INFO  [o.s.c.netflix.eureka.server.EurekaServerBootstrap] EurekaServerBootstrap.java:115 - Eureka data center value eureka.datacenter is not set, defaulting to default
2019-06-02 12:52:42,247 [Thread-32] INFO  [o.s.c.netflix.eureka.server.EurekaServerBootstrap] EurekaServerBootstrap.java:129 - Eureka environment value eureka.environment is not set, defaulting to test
2019-06-02 12:52:42,271 [Thread-32] INFO  [o.s.c.netflix.eureka.server.EurekaServerBootstrap] EurekaServerBootstrap.java:188 - isAws returned false
2019-06-02 12:52:42,272 [Thread-32] INFO  [o.s.c.netflix.eureka.server.EurekaServerBootstrap] EurekaServerBootstrap.java:153 - Initialized server context
2019-06-02 12:52:42,273 [Thread-32] INFO  [c.n.eureka.registry.PeerAwareInstanceRegistryImpl] PeerAwareInstanceRegistryImpl.java:241 - Got 1 instances from neighboring DS node
2019-06-02 12:52:42,273 [Thread-32] INFO  [c.n.eureka.registry.PeerAwareInstanceRegistryImpl] PeerAwareInstanceRegistryImpl.java:242 - Renew threshold is: 1
2019-06-02 12:52:42,274 [Thread-32] INFO  [c.n.eureka.registry.PeerAwareInstanceRegistryImpl] PeerAwareInstanceRegistryImpl.java:253 - Changing status to UP
2019-06-02 12:52:42,288 [Thread-32] INFO  [o.s.c.n.e.s.EurekaServerInitializerConfiguration] EurekaServerInitializerConfiguration.java:74 - Started Eureka Server
2019-06-02 12:52:42,304 [main] INFO  [org.apache.coyote.http11.Http11NioProtocol] DirectJDKLog.java:173 - Starting ProtocolHandler ["http-nio-8761"]
2019-06-02 12:52:42,440 [main] INFO  [o.s.boot.web.embedded.tomcat.TomcatWebServer] TomcatWebServer.java:204 - Tomcat started on port(s): 8761 (http) with context path ''
2019-06-02 12:52:42,441 [main] INFO  [o.s.c.n.e.s.EurekaAutoServiceRegistration] EurekaAutoServiceRegistration.java:143 - Updating port to 8761
2019-06-02 12:52:42,449 [main] INFO  [cn.tycoding.api.eureka.EurekaApplication] StartupInfoLogger.java:59 - Started EurekaApplication in 11.408 seconds (JVM running for 12.608)
2019-06-02 12:52:42,726 [RMI TCP Connection(1)-127.0.0.1] INFO  [o.a.c.core.ContainerBase.[Tomcat].[localhost].[/]] DirectJDKLog.java:173 - Initializing Spring DispatcherServlet 'dispatcherServlet'
2019-06-02 12:52:42,727 [RMI TCP Connection(1)-127.0.0.1] INFO  [org.springframework.web.servlet.DispatcherServlet] FrameworkServlet.java:524 - Initializing Servlet 'dispatcherServlet'
2019-06-02 12:52:42,756 [RMI TCP Connection(1)-127.0.0.1] INFO  [org.springframework.web.servlet.DispatcherServlet] FrameworkServlet.java:546 - Completed initialization in 29 ms
2019-06-02 12:53:15,864 [http-nio-8761-exec-2] INFO  [c.netflix.eureka.registry.AbstractInstanceRegistry] AbstractInstanceRegistry.java:266 - Registered instance SCT-CONFIG/169.254.203.48:sct-config:8888 with status UP (replication=false)
2019-06-02 12:53:16,580 [http-nio-8761-exec-3] INFO  [c.netflix.eureka.registry.AbstractInstanceRegistry] AbstractInstanceRegistry.java:266 - Registered instance SCT-CONFIG/169.254.203.48:sct-config:8888 with status UP (replication=true)
2019-06-02 12:53:42,277 [Eureka-EvictionTimer] INFO  [c.netflix.eureka.registry.AbstractInstanceRegistry] AbstractInstanceRegistry.java:1250 - Running the evict task with compensationTime 0ms
2019-06-02 12:54:07,511 [http-nio-8761-exec-8] INFO  [c.netflix.eureka.registry.AbstractInstanceRegistry] AbstractInstanceRegistry.java:266 - Registered instance SCT-ADMIN-BIZ/169.254.203.48:sct-admin-biz:4100 with status UP (replication=false)
2019-06-02 12:54:08,029 [http-nio-8761-exec-9] INFO  [c.netflix.eureka.registry.AbstractInstanceRegistry] AbstractInstanceRegistry.java:266 - Registered instance SCT-ADMIN-BIZ/169.254.203.48:sct-admin-biz:4100 with status UP (replication=true)
2019-06-02 12:54:10,246 [AsyncReporter{org.springframework.cloud.sleuth.zipkin2.sender.RestTemplateSender@2b4d4327}] INFO  [com.netflix.config.ChainedDynamicProperty] ChainedDynamicProperty.java:115 - Flipping property: localhost.ribbon.ActiveConnectionsLimit to use NEXT property: niws.loadbalancer.availabilityFilteringRule.activeConnectionsLimit = 2147483647
2019-06-02 12:54:10,277 [AsyncReporter{org.springframework.cloud.sleuth.zipkin2.sender.RestTemplateSender@2b4d4327}] INFO  [com.netflix.util.concurrent.ShutdownEnabledTimer] ShutdownEnabledTimer.java:58 - Shutdown hook installed for: NFLoadBalancer-PingTimer-localhost
2019-06-02 12:54:10,277 [AsyncReporter{org.springframework.cloud.sleuth.zipkin2.sender.RestTemplateSender@2b4d4327}] INFO  [com.netflix.loadbalancer.BaseLoadBalancer] BaseLoadBalancer.java:197 - Client: localhost instantiated a LoadBalancer: DynamicServerListLoadBalancer:{NFLoadBalancer:name=localhost,current list of Servers=[],Load balancer stats=Zone stats: {},Server stats: []}ServerList:null
2019-06-02 12:54:10,287 [AsyncReporter{org.springframework.cloud.sleuth.zipkin2.sender.RestTemplateSender@2b4d4327}] INFO  [c.n.loadbalancer.DynamicServerListLoadBalancer] DynamicServerListLoadBalancer.java:222 - Using serverListUpdater PollingServerListUpdater
2019-06-02 12:54:10,296 [AsyncReporter{org.springframework.cloud.sleuth.zipkin2.sender.RestTemplateSender@2b4d4327}] INFO  [c.n.loadbalancer.DynamicServerListLoadBalancer] DynamicServerListLoadBalancer.java:150 - DynamicServerListLoadBalancer for client localhost initialized: DynamicServerListLoadBalancer:{NFLoadBalancer:name=localhost,current list of Servers=[],Load balancer stats=Zone stats: {},Server stats: []}ServerList:org.springframework.cloud.netflix.ribbon.eureka.DomainExtractingServerList@4bcdcc1e
2019-06-02 12:54:23,149 [http-nio-8761-exec-5] INFO  [c.netflix.eureka.registry.AbstractInstanceRegistry] AbstractInstanceRegistry.java:266 - Registered instance SCT-AUTH/169.254.203.48:sct-auth:4000 with status UP (replication=false)
2019-06-02 12:54:23,675 [http-nio-8761-exec-4] INFO  [c.netflix.eureka.registry.AbstractInstanceRegistry] AbstractInstanceRegistry.java:266 - Registered instance SCT-AUTH/169.254.203.48:sct-auth:4000 with status UP (replication=true)
2019-06-02 12:54:40,668 [http-nio-8761-exec-10] INFO  [c.netflix.eureka.registry.AbstractInstanceRegistry] AbstractInstanceRegistry.java:266 - Registered instance SCT-GATEWAY/169.254.203.48:sct-gateway:9999 with status UP (replication=false)
2019-06-02 12:54:41,179 [http-nio-8761-exec-1] INFO  [c.netflix.eureka.registry.AbstractInstanceRegistry] AbstractInstanceRegistry.java:266 - Registered instance SCT-GATEWAY/169.254.203.48:sct-gateway:9999 with status UP (replication=true)
2019-06-02 12:54:42,280 [Eureka-EvictionTimer] INFO  [c.netflix.eureka.registry.AbstractInstanceRegistry] AbstractInstanceRegistry.java:1250 - Running the evict task with compensationTime 2ms
2019-06-02 12:55:42,284 [Eureka-EvictionTimer] INFO  [c.netflix.eureka.registry.AbstractInstanceRegistry] AbstractInstanceRegistry.java:1250 - Running the evict task with compensationTime 3ms
2019-06-02 12:56:42,285 [Eureka-EvictionTimer] INFO  [c.netflix.eureka.registry.AbstractInstanceRegistry] AbstractInstanceRegistry.java:1250 - Running the evict task with compensationTime 1ms
2019-06-02 12:57:42,289 [Eureka-EvictionTimer] INFO  [c.netflix.eureka.registry.AbstractInstanceRegistry] AbstractInstanceRegistry.java:1250 - Running the evict task with compensationTime 3ms
2019-06-02 12:58:42,291 [Eureka-EvictionTimer] INFO  [c.netflix.eureka.registry.AbstractInstanceRegistry] AbstractInstanceRegistry.java:1250 - Running the evict task with compensationTime 0ms
2019-06-02 12:59:42,296 [Eureka-EvictionTimer] INFO  [c.netflix.eureka.registry.AbstractInstanceRegistry] AbstractInstanceRegistry.java:1250 - Running the evict task with compensationTime 4ms
2019-06-02 13:00:42,299 [Eureka-EvictionTimer] INFO  [c.netflix.eureka.registry.AbstractInstanceRegistry] AbstractInstanceRegistry.java:1250 - Running the evict task with compensationTime 2ms
2019-06-02 13:01:42,308 [Eureka-EvictionTimer] INFO  [c.netflix.eureka.registry.AbstractInstanceRegistry] AbstractInstanceRegistry.java:1250 - Running the evict task with compensationTime 8ms
2019-06-02 13:02:42,311 [Eureka-EvictionTimer] INFO  [c.netflix.eureka.registry.AbstractInstanceRegistry] AbstractInstanceRegistry.java:1250 - Running the evict task with compensationTime 2ms
2019-06-02 13:03:42,317 [Eureka-EvictionTimer] INFO  [c.netflix.eureka.registry.AbstractInstanceRegistry] AbstractInstanceRegistry.java:1250 - Running the evict task with compensationTime 5ms
2019-06-02 13:04:42,323 [Eureka-EvictionTimer] INFO  [c.netflix.eureka.registry.AbstractInstanceRegistry] AbstractInstanceRegistry.java:1250 - Running the evict task with compensationTime 5ms
2019-06-02 13:05:42,332 [Eureka-EvictionTimer] INFO  [c.netflix.eureka.registry.AbstractInstanceRegistry] AbstractInstanceRegistry.java:1250 - Running the evict task with compensationTime 9ms
2019-06-02 13:06:42,338 [Eureka-EvictionTimer] INFO  [c.netflix.eureka.registry.AbstractInstanceRegistry] AbstractInstanceRegistry.java:1250 - Running the evict task with compensationTime 5ms
2019-06-02 13:07:41,443 [ReplicaAwareInstanceRegistry - RenewalThresholdUpdater] INFO  [c.n.eureka.registry.PeerAwareInstanceRegistryImpl] PeerAwareInstanceRegistryImpl.java:539 - Current renewal threshold is : 8
2019-06-02 13:07:42,340 [Eureka-EvictionTimer] INFO  [c.netflix.eureka.registry.AbstractInstanceRegistry] AbstractInstanceRegistry.java:1250 - Running the evict task with compensationTime 1ms
2019-06-02 13:08:42,344 [Eureka-EvictionTimer] INFO  [c.netflix.eureka.registry.AbstractInstanceRegistry] AbstractInstanceRegistry.java:1250 - Running the evict task with compensationTime 3ms
2019-06-02 13:09:42,345 [Eureka-EvictionTimer] INFO  [c.netflix.eureka.registry.AbstractInstanceRegistry] AbstractInstanceRegistry.java:1250 - Running the evict task with compensationTime 1ms
2019-06-02 13:10:08,186 [http-nio-8761-exec-7] INFO  [c.netflix.eureka.registry.AbstractInstanceRegistry] AbstractInstanceRegistry.java:266 - Registered instance SCT-MONITOR/169.254.203.48:sct-monitor:3000 with status UP (replication=false)
2019-06-02 13:10:08,469 [http-nio-8761-exec-6] INFO  [c.netflix.eureka.registry.AbstractInstanceRegistry] AbstractInstanceRegistry.java:266 - Registered instance SCT-MONITOR/169.254.203.48:sct-monitor:3000 with status UP (replication=true)
2019-06-02 13:10:42,349 [Eureka-EvictionTimer] INFO  [c.netflix.eureka.registry.AbstractInstanceRegistry] AbstractInstanceRegistry.java:1250 - Running the evict task with compensationTime 2ms
2019-06-02 13:11:42,353 [Eureka-EvictionTimer] INFO  [c.netflix.eureka.registry.AbstractInstanceRegistry] AbstractInstanceRegistry.java:1250 - Running the evict task with compensationTime 4ms
2019-06-02 13:12:42,356 [Eureka-EvictionTimer] INFO  [c.netflix.eureka.registry.AbstractInstanceRegistry] AbstractInstanceRegistry.java:1250 - Running the evict task with compensationTime 2ms
2019-06-02 13:13:42,360 [Eureka-EvictionTimer] INFO  [c.netflix.eureka.registry.AbstractInstanceRegistry] AbstractInstanceRegistry.java:1250 - Running the evict task with compensationTime 4ms
2019-06-02 13:14:42,364 [Eureka-EvictionTimer] INFO  [c.netflix.eureka.registry.AbstractInstanceRegistry] AbstractInstanceRegistry.java:1250 - Running the evict task with compensationTime 3ms
2019-06-02 13:15:42,368 [Eureka-EvictionTimer] INFO  [c.netflix.eureka.registry.AbstractInstanceRegistry] AbstractInstanceRegistry.java:1250 - Running the evict task with compensationTime 3ms
2019-06-02 13:16:41,126 [http-nio-8761-exec-3] INFO  [c.netflix.eureka.registry.AbstractInstanceRegistry] AbstractInstanceRegistry.java:266 - Registered instance SCT-ZIPKIN/169.254.203.48:sct-zipkin:3001 with status UP (replication=false)
2019-06-02 13:16:41,646 [http-nio-8761-exec-4] INFO  [c.netflix.eureka.registry.AbstractInstanceRegistry] AbstractInstanceRegistry.java:266 - Registered instance SCT-ZIPKIN/169.254.203.48:sct-zipkin:3001 with status UP (replication=true)
2019-06-02 13:16:42,372 [Eureka-EvictionTimer] INFO  [c.netflix.eureka.registry.AbstractInstanceRegistry] AbstractInstanceRegistry.java:1250 - Running the evict task with compensationTime 3ms
2019-06-02 13:17:42,373 [Eureka-EvictionTimer] INFO  [c.netflix.eureka.registry.AbstractInstanceRegistry] AbstractInstanceRegistry.java:1250 - Running the evict task with compensationTime 0ms
2019-06-02 13:18:42,374 [Eureka-EvictionTimer] INFO  [c.netflix.eureka.registry.AbstractInstanceRegistry] AbstractInstanceRegistry.java:1250 - Running the evict task with compensationTime 0ms
2019-06-02 13:19:42,378 [Eureka-EvictionTimer] INFO  [c.netflix.eureka.registry.AbstractInstanceRegistry] AbstractInstanceRegistry.java:1250 - Running the evict task with compensationTime 3ms
2019-06-02 13:20:42,381 [Eureka-EvictionTimer] INFO  [c.netflix.eureka.registry.AbstractInstanceRegistry] AbstractInstanceRegistry.java:1250 - Running the evict task with compensationTime 2ms
2019-06-02 13:21:42,387 [Eureka-EvictionTimer] INFO  [c.netflix.eureka.registry.AbstractInstanceRegistry] AbstractInstanceRegistry.java:1250 - Running the evict task with compensationTime 5ms
2019-06-02 13:22:26,669 [http-nio-8761-exec-1] INFO  [c.netflix.eureka.registry.AbstractInstanceRegistry] AbstractInstanceRegistry.java:266 - Registered instance SCT-AUTH/169.254.203.48:sct-auth:4000 with status DOWN (replication=false)
2019-06-02 13:22:26,702 [http-nio-8761-exec-2] INFO  [c.netflix.eureka.registry.AbstractInstanceRegistry] AbstractInstanceRegistry.java:266 - Registered instance SCT-CONFIG/169.254.203.48:sct-config:8888 with status DOWN (replication=false)
2019-06-02 13:22:26,745 [Thread-46] INFO  [com.netflix.loadbalancer.PollingServerListUpdater] PollingServerListUpdater.java:53 - Shutting down the Executor Pool for PollingServerListUpdater
2019-06-02 13:22:26,770 [Thread-34] INFO  [o.s.c.n.e.serviceregistry.EurekaServiceRegistry] EurekaServiceRegistry.java:65 - Unregistering application SCT-EUREKA with eureka with status DOWN
2019-06-02 13:22:26,789 [http-nio-8761-exec-10] INFO  [c.netflix.eureka.registry.AbstractInstanceRegistry] AbstractInstanceRegistry.java:266 - Registered instance SCT-GATEWAY/169.254.203.48:sct-gateway:9999 with status DOWN (replication=false)
2019-06-02 13:22:26,834 [Thread-34] INFO  [com.netflix.eureka.DefaultEurekaServerContext] DefaultEurekaServerContext.java:76 - Shutting down ...
2019-06-02 13:22:26,853 [http-nio-8761-exec-4] INFO  [c.netflix.eureka.registry.AbstractInstanceRegistry] AbstractInstanceRegistry.java:266 - Registered instance SCT-MONITOR/169.254.203.48:sct-monitor:3000 with status DOWN (replication=false)
2019-06-02 13:22:26,860 [Thread-34] INFO  [com.netflix.eureka.DefaultEurekaServerContext] DefaultEurekaServerContext.java:79 - Shut down
2019-06-02 13:22:26,889 [Thread-34] INFO  [o.s.scheduling.concurrent.ThreadPoolTaskExecutor] ExecutorConfigurationSupport.java:208 - Shutting down ExecutorService 'applicationTaskExecutor'
2019-06-02 13:22:26,909 [http-nio-8761-exec-3] INFO  [c.netflix.eureka.registry.AbstractInstanceRegistry] AbstractInstanceRegistry.java:266 - Registered instance SCT-ZIPKIN/169.254.203.48:sct-zipkin:3001 with status DOWN (replication=false)
2019-06-02 13:22:27,041 [http-nio-8761-exec-9] INFO  [c.netflix.eureka.registry.AbstractInstanceRegistry] AbstractInstanceRegistry.java:266 - Registered instance SCT-ADMIN-BIZ/169.254.203.48:sct-admin-biz:4100 with status DOWN (replication=false)
2019-06-02 13:22:27,226 [Thread-34] INFO  [com.netflix.util.concurrent.ShutdownEnabledTimer] ShutdownEnabledTimer.java:67 - Shutdown hook removed for: NFLoadBalancer-PingTimer-localhost
2019-06-02 13:22:27,240 [Thread-34] INFO  [com.netflix.util.concurrent.ShutdownEnabledTimer] ShutdownEnabledTimer.java:72 - Exception caught (might be ok if at shutdown)
java.lang.IllegalStateException: Shutdown in progress
	at java.lang.ApplicationShutdownHooks.remove(ApplicationShutdownHooks.java:82)
	at java.lang.Runtime.removeShutdownHook(Runtime.java:239)
	at com.netflix.util.concurrent.ShutdownEnabledTimer.cancel(ShutdownEnabledTimer.java:70)
	at com.netflix.loadbalancer.BaseLoadBalancer.cancelPingTask(BaseLoadBalancer.java:632)
	at com.netflix.loadbalancer.BaseLoadBalancer.shutdown(BaseLoadBalancer.java:883)
	at com.netflix.loadbalancer.DynamicServerListLoadBalancer.shutdown(DynamicServerListLoadBalancer.java:285)
	at sun.reflect.NativeMethodAccessorImpl.invoke0(Native Method)
	at sun.reflect.NativeMethodAccessorImpl.invoke(NativeMethodAccessorImpl.java:62)
	at sun.reflect.DelegatingMethodAccessorImpl.invoke(DelegatingMethodAccessorImpl.java:43)
	at java.lang.reflect.Method.invoke(Method.java:498)
	at org.springframework.beans.factory.support.DisposableBeanAdapter.invokeCustomDestroyMethod(DisposableBeanAdapter.java:337)
	at org.springframework.beans.factory.support.DisposableBeanAdapter.destroy(DisposableBeanAdapter.java:271)
	at org.springframework.beans.factory.support.DefaultSingletonBeanRegistry.destroyBean(DefaultSingletonBeanRegistry.java:571)
	at org.springframework.beans.factory.support.DefaultSingletonBeanRegistry.destroySingleton(DefaultSingletonBeanRegistry.java:543)
	at org.springframework.beans.factory.support.DefaultListableBeanFactory.destroySingleton(DefaultListableBeanFactory.java:1034)
	at org.springframework.beans.factory.support.DefaultSingletonBeanRegistry.destroySingletons(DefaultSingletonBeanRegistry.java:504)
	at org.springframework.beans.factory.support.DefaultListableBeanFactory.destroySingletons(DefaultListableBeanFactory.java:1027)
	at org.springframework.context.support.AbstractApplicationContext.destroyBeans(AbstractApplicationContext.java:1057)
	at org.springframework.context.support.AbstractApplicationContext.doClose(AbstractApplicationContext.java:1026)
	at org.springframework.context.support.AbstractApplicationContext.close(AbstractApplicationContext.java:975)
	at org.springframework.cloud.context.named.NamedContextFactory.destroy(NamedContextFactory.java:92)
	at org.springframework.beans.factory.support.DisposableBeanAdapter.destroy(DisposableBeanAdapter.java:256)
	at org.springframework.beans.factory.support.DefaultSingletonBeanRegistry.destroyBean(DefaultSingletonBeanRegistry.java:571)
	at org.springframework.beans.factory.support.DefaultSingletonBeanRegistry.destroySingleton(DefaultSingletonBeanRegistry.java:543)
	at org.springframework.beans.factory.support.DefaultListableBeanFactory.destroySingleton(DefaultListableBeanFactory.java:1034)
	at org.springframework.beans.factory.support.DefaultSingletonBeanRegistry.destroySingletons(DefaultSingletonBeanRegistry.java:504)
	at org.springframework.beans.factory.support.DefaultListableBeanFactory.destroySingletons(DefaultListableBeanFactory.java:1027)
	at org.springframework.context.support.AbstractApplicationContext.destroyBeans(AbstractApplicationContext.java:1057)
	at org.springframework.context.support.AbstractApplicationContext.doClose(AbstractApplicationContext.java:1026)
	at org.springframework.context.support.AbstractApplicationContext$1.run(AbstractApplicationContext.java:945)
2019-06-02 13:22:27,270 [Thread-34] INFO  [com.netflix.discovery.DiscoveryClient] DiscoveryClient.java:888 - Shutting down DiscoveryClient ...
2019-06-02 13:22:27,271 [Thread-34] INFO  [com.netflix.discovery.DiscoveryClient] DiscoveryClient.java:911 - Completed shut down of DiscoveryClient
